\BOOKMARK [1][-]{section.1}{Einleitung}{}% 1
\BOOKMARK [1][-]{section.2}{Allgemeine Informationen}{}% 2
\BOOKMARK [2][-]{subsection.2.1}{Team und Kommunikation}{section.2}% 3
\BOOKMARK [2][-]{subsection.2.2}{Technische Daten}{section.2}% 4
\BOOKMARK [1][-]{section.3}{Spielfeldbewertung}{}% 5
\BOOKMARK [2][-]{subsection.3.1}{Bestandteile}{section.3}% 6
\BOOKMARK [2][-]{subsection.3.2}{Implementierung}{section.3}% 7
\BOOKMARK [1][-]{section.4}{Fazit}{}% 8
\BOOKMARK [1][-]{section.5}{LaTeX-Elemente}{}% 9
\BOOKMARK [2][-]{subsection.5.1}{LaTeX-Distributionen nach Betriebssystemen}{section.5}% 10
\BOOKMARK [3][-]{subsubsection.5.1.1}{LaTeX-Distributionen}{subsection.5.1}% 11
\BOOKMARK [3][-]{subsubsection.5.1.2}{LaTeX-Editoren}{subsection.5.1}% 12
\BOOKMARK [2][-]{subsection.5.2}{Unterabschnitt}{section.5}% 13
\BOOKMARK [2][-]{subsection.5.3}{Tabellen}{section.5}% 14
\BOOKMARK [2][-]{subsection.5.4}{Auflistung}{section.5}% 15
\BOOKMARK [2][-]{subsection.5.5}{Listings}{section.5}% 16
\BOOKMARK [2][-]{subsection.5.6}{Listings}{section.5}% 17
\BOOKMARK [2][-]{subsection.5.7}{Selbstgestaltete Abbildungen}{section.5}% 18
\BOOKMARK [2][-]{subsection.5.8}{Tipps}{section.5}% 19
\BOOKMARK [1][-]{section.6}{Kapitel}{}% 20
\BOOKMARK [2][-]{subsection.6.1}{Unterkapitel}{section.6}% 21
\BOOKMARK [2][-]{subsection.6.2}{Unterkapitel}{section.6}% 22
\BOOKMARK [1][-]{section*.4}{Anhang}{}% 23
\BOOKMARK [1][-]{appendix.A}{GUI}{}% 24
